2020-09-22 21:59:38,269 [INFO] Activator:178 - 


2020-09-22 21:59:38,270 [INFO] Activator:179 - !SESSION log4j initialized
2020-09-22 21:59:56,481 [INFO] ApplicationProperties:181 - Using Application install path: /opt/st/stm32cubeide_1.4.0/plugins/com.st.stm32cube.common.mx_6.0.0.202007160824
2020-09-22 21:59:56,489 [INFO] DbMcusXml:70 - Set database path to: /opt/st/stm32cubeide_1.4.0/plugins/com.st.stm32cube.common.mx_6.0.0.202007160824//db//mcu/
2020-09-22 21:59:56,491 [INFO] DbBoardsPdsc:56 - Set plugin database path to: /opt/st/stm32cubeide_1.4.0/plugins/com.st.stm32cube.common.mx_6.0.0.202007160824//db//plugins/boardmanager/
2020-09-22 21:59:56,491 [INFO] DbMcus:258 - Set plugin images path to: /opt/st/stm32cubeide_1.4.0/plugins/com.st.stm32cube.common.mx_6.0.0.202007160824//db//plugins/mcufinder/images/
2020-09-22 21:59:56,491 [INFO] DbBoards:264 - Set plugin images path to: /opt/st/stm32cubeide_1.4.0/plugins/com.st.stm32cube.common.mx_6.0.0.202007160824//db//plugins/mcufinder/images/
2020-09-22 21:59:56,493 [INFO] DbExamples:326 - Set plugin images path to: /opt/st/stm32cubeide_1.4.0/plugins/com.st.stm32cube.common.mx_6.0.0.202007160824//db//plugins/mcufinder/images/
2020-09-22 21:59:56,972 [WARN] ApiFinderProperties:99 - /home/ma/.stmcufinder/plugins/mcufinder/mcu/mcuFinder.mfd doesn't exist
2020-09-22 21:59:56,974 [INFO] DbMcusDocs:112 - Set database path to: /home/ma/.stmcufinder/plugins/mcufinder//mcu/
2020-09-22 21:59:56,975 [INFO] DbMcusJson:63 - Set database path to: /home/ma/.stmcufinder/plugins/mcufinder//mcu/
2020-09-22 21:59:56,976 [INFO] DbBoardsDocs:112 - Set database path to: /home/ma/.stmcufinder/plugins/mcufinder//mcu/
2020-09-22 21:59:56,977 [INFO] DbBoardsJson:56 - Set database path to: /home/ma/.stmcufinder/plugins/mcufinder//mcu/
2020-09-22 21:59:56,979 [INFO] CrossReferenceDbSqlite:196 - Set database path to: /home/ma/.stmcufinder/plugins/mcufinder//mcu/cs/
2020-09-22 21:59:56,982 [INFO] DbExamplesSqlite:800 - Set database path to: /home/ma/.stmcufinder/plugins/mcufinder//mcu/
2020-09-22 21:59:57,045 [INFO] RulesReader:52 - Compatibility file has been processed (209 Rules)
2020-09-22 21:59:57,077 [INFO] MicroXplorer:564 - Detected Java Version = 1.8.0_252
2020-09-22 21:59:57,078 [INFO] DbMcusXml:70 - Set database path to: /opt/st/stm32cubeide_1.4.0/plugins/com.st.stm32cube.common.mx_6.0.0.202007160824//db//mcu/
2020-09-22 21:59:57,079 [INFO] DbBoardsPdsc:56 - Set plugin database path to: /opt/st/stm32cubeide_1.4.0/plugins/com.st.stm32cube.common.mx_6.0.0.202007160824//db//plugins/boardmanager/
2020-09-22 21:59:57,079 [INFO] DbMcus:258 - Set plugin images path to: /opt/st/stm32cubeide_1.4.0/plugins/com.st.stm32cube.common.mx_6.0.0.202007160824//db//plugins/mcufinder/images/
2020-09-22 21:59:57,079 [INFO] DbBoards:264 - Set plugin images path to: /opt/st/stm32cubeide_1.4.0/plugins/com.st.stm32cube.common.mx_6.0.0.202007160824//db//plugins/mcufinder/images/
2020-09-22 21:59:57,079 [INFO] DbExamples:326 - Set plugin images path to: /opt/st/stm32cubeide_1.4.0/plugins/com.st.stm32cube.common.mx_6.0.0.202007160824//db//plugins/mcufinder/images/
2020-09-22 21:59:57,079 [WARN] DbFile:36 - Overriding database path with different value: /home/ma/.stmcufinder/plugins/mcufinder/ => /home/ma/.stmcufinder/plugins/mcufinder
2020-09-22 21:59:57,079 [INFO] DbMcusDocs:112 - Set database path to: /home/ma/.stmcufinder/plugins/mcufinder//mcu/
2020-09-22 21:59:57,079 [WARN] DbFile:36 - Overriding database path with different value: /home/ma/.stmcufinder/plugins/mcufinder/ => /home/ma/.stmcufinder/plugins/mcufinder
2020-09-22 21:59:57,079 [INFO] DbMcusJson:63 - Set database path to: /home/ma/.stmcufinder/plugins/mcufinder//mcu/
2020-09-22 21:59:57,079 [WARN] DbFile:36 - Overriding database path with different value: /home/ma/.stmcufinder/plugins/mcufinder/ => /home/ma/.stmcufinder/plugins/mcufinder
2020-09-22 21:59:57,080 [INFO] DbBoardsDocs:112 - Set database path to: /home/ma/.stmcufinder/plugins/mcufinder//mcu/
2020-09-22 21:59:57,080 [WARN] DbFile:36 - Overriding database path with different value: /home/ma/.stmcufinder/plugins/mcufinder/ => /home/ma/.stmcufinder/plugins/mcufinder
2020-09-22 21:59:57,080 [INFO] DbBoardsJson:56 - Set database path to: /home/ma/.stmcufinder/plugins/mcufinder//mcu/
2020-09-22 21:59:57,080 [WARN] DbFile:36 - Overriding database path with different value: /home/ma/.stmcufinder/plugins/mcufinder/ => /home/ma/.stmcufinder/plugins/mcufinder
2020-09-22 21:59:57,080 [WARN] DbFile:36 - Overriding database path with different value: /home/ma/.stmcufinder/plugins/mcufinder/ => /home/ma/.stmcufinder/plugins/mcufinder
2020-09-22 21:59:57,080 [INFO] CrossReferenceDbSqlite:196 - Set database path to: /home/ma/.stmcufinder/plugins/mcufinder//mcu/cs/
2020-09-22 21:59:57,080 [WARN] DbFile:36 - Overriding database path with different value: /home/ma/.stmcufinder/plugins/mcufinder/ => /home/ma/.stmcufinder/plugins/mcufinder
2020-09-22 21:59:57,080 [INFO] DbExamplesSqlite:800 - Set database path to: /home/ma/.stmcufinder/plugins/mcufinder//mcu/
2020-09-22 21:59:57,118 [INFO] MainPanel:189 - HeapMemory: 312475648
2020-09-22 21:59:57,160 [INFO] DbMcusXml:70 - Set database path to: /opt/st/stm32cubeide_1.4.0/plugins/com.st.stm32cube.common.mx_6.0.0.202007160824//db//mcu/
2020-09-22 21:59:57,161 [INFO] DbBoardsPdsc:56 - Set plugin database path to: /opt/st/stm32cubeide_1.4.0/plugins/com.st.stm32cube.common.mx_6.0.0.202007160824//db//plugins/boardmanager/
2020-09-22 21:59:57,161 [INFO] DbMcus:258 - Set plugin images path to: /opt/st/stm32cubeide_1.4.0/plugins/com.st.stm32cube.common.mx_6.0.0.202007160824//db//plugins/mcufinder/images/
2020-09-22 21:59:57,161 [INFO] DbBoards:264 - Set plugin images path to: /opt/st/stm32cubeide_1.4.0/plugins/com.st.stm32cube.common.mx_6.0.0.202007160824//db//plugins/mcufinder/images/
2020-09-22 21:59:57,161 [INFO] DbExamples:326 - Set plugin images path to: /opt/st/stm32cubeide_1.4.0/plugins/com.st.stm32cube.common.mx_6.0.0.202007160824//db//plugins/mcufinder/images/
2020-09-22 21:59:57,161 [WARN] DbFile:36 - Overriding database path with different value: /home/ma/.stmcufinder/plugins/mcufinder/ => /home/ma/.stmcufinder/plugins/mcufinder
2020-09-22 21:59:57,161 [INFO] DbMcusDocs:112 - Set database path to: /home/ma/.stmcufinder/plugins/mcufinder//mcu/
2020-09-22 21:59:57,161 [WARN] DbFile:36 - Overriding database path with different value: /home/ma/.stmcufinder/plugins/mcufinder/ => /home/ma/.stmcufinder/plugins/mcufinder
2020-09-22 21:59:57,161 [INFO] DbMcusJson:63 - Set database path to: /home/ma/.stmcufinder/plugins/mcufinder//mcu/
2020-09-22 21:59:57,161 [WARN] DbFile:36 - Overriding database path with different value: /home/ma/.stmcufinder/plugins/mcufinder/ => /home/ma/.stmcufinder/plugins/mcufinder
2020-09-22 21:59:57,162 [INFO] DbBoardsDocs:112 - Set database path to: /home/ma/.stmcufinder/plugins/mcufinder//mcu/
2020-09-22 21:59:57,162 [WARN] DbFile:36 - Overriding database path with different value: /home/ma/.stmcufinder/plugins/mcufinder/ => /home/ma/.stmcufinder/plugins/mcufinder
2020-09-22 21:59:57,162 [INFO] DbBoardsJson:56 - Set database path to: /home/ma/.stmcufinder/plugins/mcufinder//mcu/
2020-09-22 21:59:57,162 [WARN] DbFile:36 - Overriding database path with different value: /home/ma/.stmcufinder/plugins/mcufinder/ => /home/ma/.stmcufinder/plugins/mcufinder
2020-09-22 21:59:57,162 [WARN] DbFile:36 - Overriding database path with different value: /home/ma/.stmcufinder/plugins/mcufinder/ => /home/ma/.stmcufinder/plugins/mcufinder
2020-09-22 21:59:57,162 [INFO] CrossReferenceDbSqlite:196 - Set database path to: /home/ma/.stmcufinder/plugins/mcufinder//mcu/cs/
2020-09-22 21:59:57,162 [WARN] DbFile:36 - Overriding database path with different value: /home/ma/.stmcufinder/plugins/mcufinder/ => /home/ma/.stmcufinder/plugins/mcufinder
2020-09-22 21:59:57,162 [INFO] DbExamplesSqlite:800 - Set database path to: /home/ma/.stmcufinder/plugins/mcufinder//mcu/
2020-09-22 21:59:57,172 [INFO] ApplicationProperties:181 - Using Application install path: /opt/st/stm32cubeide_1.4.0/plugins/com.st.stm32cube.common.mx_6.0.0.202007160824
2020-09-22 21:59:57,173 [INFO] PluginManage:178 - Search for loadable plugins [exclusion list=, ]
2020-09-22 21:59:57,174 [INFO] PluginManage:292 - Check plugin analytics
2020-09-22 21:59:57,258 [INFO] AnalyticsPlugin:203 - Accepted Software Licenses: 
2020-09-22 21:59:57,259 [INFO] AnalyticsPlugin:205 - Accepted CMSIS Pack Licenses: 
2020-09-22 21:59:57,259 [INFO] AnalyticsPlugin:207 - Accepted Firmware Licenses: 
2020-09-22 21:59:57,259 [INFO] PluginManage:342 - Loaded plugin analytics (category:tool,tabindex:-1)
2020-09-22 21:59:57,259 [INFO] PluginManage:292 - Check plugin clock
2020-09-22 21:59:57,266 [INFO] PluginManage:342 - Loaded plugin clock (category:base,tabindex:2)
2020-09-22 21:59:57,266 [INFO] PluginManage:292 - Check plugin ddr
2020-09-22 21:59:57,267 [INFO] PluginManage:342 - Loaded plugin ddr (category:tool,tabindex:6)
2020-09-22 21:59:57,267 [INFO] PluginManage:292 - Check plugin filemanager
2020-09-22 21:59:57,345 [INFO] PluginManage:342 - Loaded plugin filemanager (category:base,tabindex:10)
2020-09-22 21:59:57,346 [INFO] PluginManage:292 - Check plugin ipmanager
2020-09-22 21:59:57,349 [INFO] PluginManage:342 - Loaded plugin ipmanager (category:base,tabindex:5)
2020-09-22 21:59:57,349 [INFO] PluginManage:292 - Check plugin pinoutandconfiguration
2020-09-22 21:59:57,354 [INFO] PluginManage:342 - Loaded plugin pinoutandconfiguration (category:base,tabindex:1)
2020-09-22 21:59:57,354 [INFO] PluginManage:292 - Check plugin pinoutconfig
2020-09-22 21:59:57,370 [INFO] PluginManage:342 - Loaded plugin pinoutconfig (category:base,tabindex:0)
2020-09-22 21:59:57,370 [INFO] PluginManage:292 - Check plugin power
2020-09-22 21:59:57,374 [INFO] PluginManage:342 - Loaded plugin power (category:power,tabindex:4)
2020-09-22 21:59:57,374 [INFO] PluginManage:292 - Check plugin projectmanager
2020-09-22 21:59:57,384 [INFO] PluginManage:342 - Loaded plugin projectmanager (category:projectmanager,tabindex:3)
2020-09-22 21:59:57,384 [INFO] PluginManage:292 - Check plugin thirdparty
2020-09-22 21:59:57,398 [INFO] ThirdPartyDb:333 - Open Third Party DataBase File (/home/ma/.stm32cubemx/plugins/thirdparty/db/thirdparties_db.xml) : 0 ms. number of Sw pack : 0
2020-09-22 21:59:57,400 [INFO] PluginManage:342 - Loaded plugin thirdparty (category:base,tabindex:-1)
2020-09-22 21:59:57,401 [INFO] PluginManage:292 - Check plugin tools
2020-09-22 21:59:57,402 [INFO] PluginManage:342 - Loaded plugin tools (category:base,tabindex:7)
2020-09-22 21:59:57,402 [INFO] PluginManage:292 - Check plugin tutovideos
2020-09-22 21:59:57,516 [INFO] PluginManage:342 - Loaded plugin tutovideos (category:base,tabindex:-1)
2020-09-22 21:59:57,517 [INFO] PluginManage:292 - Check plugin updater
2020-09-22 21:59:57,524 [INFO] PluginManage:342 - Loaded plugin updater (category:base,tabindex:12)
2020-09-22 21:59:57,524 [INFO] PluginManage:265 - PluginManage : Loaded plugins [13]
2020-09-22 21:59:57,676 [INFO] PinOutPanel:1418 - setPackage(No Configuration,No Configuration)
2020-09-22 21:59:57,716 [INFO] IPUIPlugin:64 - create IPUIPlugin
2020-09-22 21:59:57,716 [INFO] PluginManager:200 - loadIPPluginJar : add gfxmmu
2020-09-22 21:59:57,718 [INFO] IPUIPlugin:64 - create IPUIPlugin
2020-09-22 21:59:57,718 [INFO] PluginManager:200 - loadIPPluginJar : add mdma
2020-09-22 21:59:57,719 [INFO] IPUIPlugin:64 - create IPUIPlugin
2020-09-22 21:59:57,720 [INFO] PluginManager:200 - loadIPPluginJar : add dfsdm
2020-09-22 21:59:57,720 [INFO] IPUIPlugin:64 - create IPUIPlugin
2020-09-22 21:59:57,720 [INFO] PluginManager:200 - loadIPPluginJar : add genericplugin
2020-09-22 21:59:57,722 [INFO] IPUIPlugin:64 - create IPUIPlugin
2020-09-22 21:59:57,722 [INFO] PluginManager:200 - loadIPPluginJar : add i2c
2020-09-22 21:59:57,726 [INFO] IPUIPlugin:64 - create IPUIPlugin
2020-09-22 21:59:57,726 [INFO] PluginManager:200 - loadIPPluginJar : add gic
2020-09-22 21:59:57,728 [INFO] IPUIPlugin:64 - create IPUIPlugin
2020-09-22 21:59:57,728 [INFO] PluginManager:200 - loadIPPluginJar : add usart
2020-09-22 21:59:57,730 [INFO] IPUIPlugin:64 - create IPUIPlugin
2020-09-22 21:59:57,730 [INFO] PluginManager:200 - loadIPPluginJar : add aes
2020-09-22 21:59:57,731 [INFO] IPUIPlugin:64 - create IPUIPlugin
2020-09-22 21:59:57,731 [INFO] PluginManager:200 - loadIPPluginJar : add hash
2020-09-22 21:59:57,732 [INFO] IPUIPlugin:64 - create IPUIPlugin
2020-09-22 21:59:57,732 [INFO] PluginManager:200 - loadIPPluginJar : add fatfs
2020-09-22 21:59:57,736 [INFO] IPUIPlugin:64 - create IPUIPlugin
2020-09-22 21:59:57,738 [INFO] PluginManager:200 - loadIPPluginJar : add plateformsettings
2020-09-22 21:59:57,741 [INFO] IPUIPlugin:64 - create IPUIPlugin
2020-09-22 21:59:57,741 [INFO] PluginManager:200 - loadIPPluginJar : add gpio
2020-09-22 21:59:57,744 [INFO] IPUIPlugin:64 - create IPUIPlugin
2020-09-22 21:59:57,744 [INFO] PluginManager:200 - loadIPPluginJar : add dma
2020-09-22 21:59:57,746 [INFO] IPUIPlugin:64 - create IPUIPlugin
2020-09-22 21:59:57,746 [INFO] PluginManager:200 - loadIPPluginJar : add sai
2020-09-22 21:59:57,747 [INFO] IPUIPlugin:64 - create IPUIPlugin
2020-09-22 21:59:57,747 [INFO] PluginManager:200 - loadIPPluginJar : add tim
2020-09-22 21:59:57,750 [INFO] IPUIPlugin:64 - create IPUIPlugin
2020-09-22 21:59:57,750 [INFO] PluginManager:200 - loadIPPluginJar : add resmgrutility
2020-09-22 21:59:57,751 [INFO] IPUIPlugin:64 - create IPUIPlugin
2020-09-22 21:59:57,751 [INFO] PluginManager:200 - loadIPPluginJar : add gtzc
2020-09-22 21:59:57,752 [INFO] IPUIPlugin:64 - create IPUIPlugin
2020-09-22 21:59:57,753 [INFO] PluginManager:200 - loadIPPluginJar : add quadspi
2020-09-22 21:59:57,754 [INFO] IPUIPlugin:64 - create IPUIPlugin
2020-09-22 21:59:57,754 [INFO] PluginManager:200 - loadIPPluginJar : add i2s
2020-09-22 21:59:57,755 [INFO] IPUIPlugin:64 - create IPUIPlugin
2020-09-22 21:59:57,756 [INFO] PluginManager:200 - loadIPPluginJar : add openamp
2020-09-22 21:59:57,757 [INFO] IPUIPlugin:64 - create IPUIPlugin
2020-09-22 21:59:57,757 [INFO] PluginManager:200 - loadIPPluginJar : add pdm2pcm
2020-09-22 21:59:57,759 [INFO] IPUIPlugin:64 - create IPUIPlugin
2020-09-22 21:59:57,759 [INFO] PluginManager:200 - loadIPPluginJar : add spi
2020-09-22 21:59:57,760 [INFO] IPUIPlugin:64 - create IPUIPlugin
2020-09-22 21:59:57,760 [INFO] PluginManager:200 - loadIPPluginJar : add ltdc
2020-09-22 21:59:57,762 [INFO] IPUIPlugin:64 - create IPUIPlugin
2020-09-22 21:59:57,762 [INFO] PluginManager:200 - loadIPPluginJar : add stm32_wpan
2020-09-22 21:59:57,763 [INFO] IPUIPlugin:64 - create IPUIPlugin
2020-09-22 21:59:57,764 [INFO] PluginManager:200 - loadIPPluginJar : add ts
2020-09-22 21:59:57,765 [INFO] IPUIPlugin:64 - create IPUIPlugin
2020-09-22 21:59:57,765 [INFO] PluginManager:200 - loadIPPluginJar : add can
2020-09-22 21:59:57,767 [INFO] IPUIPlugin:64 - create IPUIPlugin
2020-09-22 21:59:57,767 [INFO] PluginManager:200 - loadIPPluginJar : add touchsensing
2020-09-22 21:59:57,768 [INFO] IPUIPlugin:64 - create IPUIPlugin
2020-09-22 21:59:57,768 [INFO] PluginManager:200 - loadIPPluginJar : add comp
2020-09-22 21:59:57,769 [INFO] IPUIPlugin:64 - create IPUIPlugin
2020-09-22 21:59:57,769 [INFO] PluginManager:200 - loadIPPluginJar : add tracer_emb
2020-09-22 21:59:57,771 [INFO] IPUIPlugin:64 - create IPUIPlugin
2020-09-22 21:59:57,771 [INFO] PluginManager:200 - loadIPPluginJar : add cryp
2020-09-22 21:59:57,772 [INFO] IPUIPlugin:64 - create IPUIPlugin
2020-09-22 21:59:57,772 [INFO] PluginManager:200 - loadIPPluginJar : add ucpd
2020-09-22 21:59:57,773 [INFO] IPUIPlugin:64 - create IPUIPlugin
2020-09-22 21:59:57,774 [INFO] PluginManager:200 - loadIPPluginJar : add ipddr
2020-09-22 21:59:57,776 [INFO] IPUIPlugin:64 - create IPUIPlugin
2020-09-22 21:59:57,776 [INFO] PluginManager:200 - loadIPPluginJar : add fmc
2020-09-22 21:59:57,780 [INFO] IPUIPlugin:64 - create IPUIPlugin
2020-09-22 21:59:57,780 [INFO] PluginManager:200 - loadIPPluginJar : add adc
2020-09-22 21:59:57,782 [INFO] IPUIPlugin:64 - create IPUIPlugin
2020-09-22 21:59:57,782 [INFO] PluginManager:200 - loadIPPluginJar : add nvic
2020-09-22 21:59:57,786 [INFO] IPUIPlugin:64 - create IPUIPlugin
2020-09-22 21:59:57,786 [INFO] PluginManager:200 - loadIPPluginJar : add freertos
2020-09-22 21:59:57,787 [INFO] IPUIPlugin:64 - create IPUIPlugin
2020-09-22 21:59:57,787 [INFO] PluginManager:200 - loadIPPluginJar : add tsc
2020-09-22 21:59:57,788 [INFO] IPUIPlugin:64 - create IPUIPlugin
2020-09-22 21:59:57,788 [INFO] PluginManager:200 - loadIPPluginJar : add opamp
2020-09-22 21:59:57,949 [INFO] CubeProgrammer:457 - [DDR PANEL] - PathOfProgrammer: null
2020-09-22 21:59:58,625 [FATAL] Updater:282 - Updater called before beeing initialized
2020-09-22 21:59:58,751 [FATAL] Updater:282 - Updater called before beeing initialized
2020-09-22 21:59:58,751 [WARN] ThirdParty:775 - waiting for thirdparty lock release [close project]
2020-09-22 21:59:58,751 [INFO] ThirdParty:777 - entering critical section [close project]
2020-09-22 21:59:58,752 [INFO] ThirdParty:790 - exiting critical section [close project]
2020-09-22 21:59:58,753 [INFO] PinOutPanel:1418 - setPackage(No Configuration,No Configuration)
2020-09-22 21:59:58,754 [FATAL] Updater:282 - Updater called before beeing initialized
2020-09-22 21:59:58,757 [ERROR] Updater:967 - MainUpdater not yet initialized. External WinMGr cannot be set.
2020-09-22 21:59:58,758 [INFO] CubeProgrammer:457 - [DDR PANEL] - PathOfProgrammer: /opt/st/stm32cubeide_1.4.0/plugins/com.st.stm32cube.ide.mcu.externaltools.cubeprogrammer.linux64_1.4.0.202007081208/tools/bin
2020-09-22 21:59:58,760 [INFO] ProgrammerExecThread:148 - [ProgrammerAPI] CubeProgrammer command construction: /opt/st/stm32cubeide_1.4.0/plugins/com.st.stm32cube.ide.mcu.externaltools.cubeprogrammer.linux64_1.4.0.202007081208/tools/bin/STM32_Programmer_CLI -l
2020-09-22 21:59:58,860 [INFO] MainDdrPanel:49 - [DDR PANEL] SETTER - Set cubeProgrammerPath to: /opt/st/stm32cubeide_1.4.0/plugins/com.st.stm32cube.ide.mcu.externaltools.cubeprogrammer.linux64_1.4.0.202007081208/tools/bin
2020-09-22 21:59:58,870 [INFO] Updater:904 - Updater Version found : 6.0.0
2020-09-22 21:59:58,882 [INFO] ApplicationProperties:181 - Using Application install path: /opt/st/stm32cubeide_1.4.0/plugins/com.st.stm32cube.common.mx_6.0.0.202007160824
2020-09-22 21:59:58,902 [INFO] MainUpdater:463 - Copy updater definitions from MX database
2020-09-22 21:59:58,914 [INFO] MainUpdater:496 - Copy flag file definitions from MX database
2020-09-22 21:59:58,914 [INFO] MainUpdater:512 - Copy thirdparty index definitions from MX database
2020-09-22 21:59:58,914 [INFO] MainUpdater:531 - Copy default thirdparty db definitions from MX database
2020-09-22 21:59:58,940 [INFO] MainUpdater:2268 - connection check result : 10
2020-09-22 21:59:58,940 [INFO] MainUpdater:2935 - Updater definition file requires update
2020-09-22 21:59:58,940 [INFO] MainUpdater:239 - Updater Check For Update Now.
2020-09-22 21:59:58,941 [INFO] MicroXplorer:414 - Change Database Version : DB.6.0.0
2020-09-22 21:59:58,950 [INFO] ServerAccessManage:348 - Download File updaters.zip
2020-09-22 21:59:59,011 [INFO] FileExtend:225 - Unzip File : updaters.zip
2020-09-22 21:59:59,011 [INFO] FileExtend:240 - Standard Zip Deflate
2020-09-22 21:59:59,123 [INFO] ServerAccessManage:348 - Download File PacksControlFlags.xml
2020-09-22 21:59:59,163 [INFO] ServerAccessManage:348 - Download File cubemx.pidx
2020-09-22 21:59:59,314 [INFO] ServerAccessManage:348 - Download File STMicroelectronics.X-CUBE-AI.pdsc
2020-09-22 21:59:59,441 [INFO] ServerAccessManage:348 - Download File STMicroelectronics.X-CUBE-BLE1.pdsc
2020-09-22 21:59:59,612 [ERROR] ServerAccessManage:947 - Problem, file not found on Server
2020-09-22 21:59:59,751 [INFO] ServerAccessManage:348 - Download File STMicroelectronics.X-CUBE-BLE2.pdsc
2020-09-22 21:59:59,950 [INFO] ServerAccessManage:348 - Download File STMicroelectronics.X-CUBE-GNSS1.pdsc
2020-09-22 22:00:00,207 [ERROR] ServerAccessManage:947 - Problem, file not found on Server
2020-09-22 22:00:00,401 [WARN] IntegrityCheckThread:61 - waiting for thirdparty lock release [integrity check]
2020-09-22 22:00:00,402 [INFO] IntegrityCheckThread:63 - entering critical section [integrity check]
2020-09-22 22:00:00,403 [WARN] MainUpdater:1087 - Updater busy. Cannot search thirdparties
2020-09-22 22:00:00,419 [ERROR] ServerAccessManage:947 - Problem, file not found on Server
2020-09-22 22:00:00,622 [ERROR] ServerAccessManage:947 - Problem, file not found on Server
2020-09-22 22:00:00,828 [ERROR] ServerAccessManage:947 - Problem, file not found on Server
2020-09-22 22:00:01,032 [ERROR] ServerAccessManage:947 - Problem, file not found on Server
2020-09-22 22:00:01,237 [ERROR] ServerAccessManage:947 - Problem, file not found on Server
2020-09-22 22:00:01,314 [INFO] ServerAccessManage:348 - Download File STMicroelectronics.X-CUBE-MEMS1.pdsc
2020-09-22 22:00:01,616 [INFO] ServerAccessManage:348 - Download File STMicroelectronics.X-CUBE-NFC4.pdsc
2020-09-22 22:00:01,776 [INFO] ServerAccessManage:348 - Download File STMicroelectronics.X-CUBE-SUBG2.pdsc
2020-09-22 22:00:01,955 [INFO] ServerAccessManage:348 - Download File STMicroelectronics.X-CUBE-TOUCHGFX.pdsc
2020-09-22 22:00:02,233 [INFO] ServerAccessManage:348 - Download File STMicroelectronics.X-CUBE-ALGOBUILD.pdsc
2020-09-22 22:00:02,292 [INFO] CheckServerUpdateThread:102 - End of CheckServer Thread
2020-09-22 22:00:02,315 [INFO] ThirdPartyDb:299 - Save Third Party DataBase File (/home/ma/.stm32cubemx/plugins/thirdparty/db/thirdparties_db.xml) [forced]
2020-09-22 22:00:02,320 [INFO] ThirdPartyDb:299 - Save Third Party DataBase File (/home/ma/.stm32cubemx/plugins/thirdparty/db/thirdparties_db.xml) [forced]
2020-09-22 22:00:02,325 [INFO] ThirdPartyDb:299 - Save Third Party DataBase File (/home/ma/.stm32cubemx/plugins/thirdparty/db/thirdparties_db.xml) [forced]
2020-09-22 22:00:02,332 [INFO] ThirdPartyDb:299 - Save Third Party DataBase File (/home/ma/.stm32cubemx/plugins/thirdparty/db/thirdparties_db.xml) [forced]
2020-09-22 22:00:02,360 [INFO] MainUpdater:2268 - connection check result : 10
2020-09-22 22:00:02,539 [INFO] ThirdPartyDb:299 - Save Third Party DataBase File (/home/ma/.stm32cubemx/plugins/thirdparty/db/thirdparties_db.xml) [forced]
2020-09-22 22:00:02,551 [INFO] ThirdPartyDb:299 - Save Third Party DataBase File (/home/ma/.stm32cubemx/plugins/thirdparty/db/thirdparties_db.xml) [forced]
2020-09-22 22:00:02,564 [INFO] ThirdPartyDb:299 - Save Third Party DataBase File (/home/ma/.stm32cubemx/plugins/thirdparty/db/thirdparties_db.xml) [forced]
2020-09-22 22:00:02,571 [INFO] ThirdPartyDb:299 - Save Third Party DataBase File (/home/ma/.stm32cubemx/plugins/thirdparty/db/thirdparties_db.xml) [forced]
2020-09-22 22:00:02,585 [INFO] ThirdPartyDb:299 - Save Third Party DataBase File (/home/ma/.stm32cubemx/plugins/thirdparty/db/thirdparties_db.xml) [forced]
2020-09-22 22:00:02,591 [INFO] PopulateThirdPartyThread:50 - Ending populate Thread
2020-09-22 22:00:02,591 [INFO] ThirdPartyDb:299 - Save Third Party DataBase File (/home/ma/.stm32cubemx/plugins/thirdparty/db/thirdparties_db.xml) [forced]
2020-09-22 22:00:02,599 [INFO] Engine:289 - softwarePackList size : 9
2020-09-22 22:00:02,604 [INFO] Engine:301 - compute dependency for SwPack X-CUBE-AI have been done, and update is requested
2020-09-22 22:00:02,610 [INFO] Engine:301 - compute dependency for SwPack X-CUBE-BLE1 have been done, and update is requested
2020-09-22 22:00:02,615 [INFO] Engine:301 - compute dependency for SwPack X-CUBE-BLE2 have been done, and update is requested
2020-09-22 22:00:02,620 [INFO] Engine:301 - compute dependency for SwPack X-CUBE-GNSS1 have been done, and update is requested
2020-09-22 22:00:02,671 [INFO] ServerAccessManage:348 - Download File mcusDocs.json._tmp_
2020-09-22 22:00:02,722 [INFO] LoadUrlFilesThread:135 - End of LoadUrlFiles Thread
2020-09-22 22:00:02,787 [INFO] Engine:301 - compute dependency for SwPack X-CUBE-MEMS1 have been done, and update is requested
2020-09-22 22:00:02,793 [INFO] Engine:301 - compute dependency for SwPack X-CUBE-NFC4 have been done, and update is requested
2020-09-22 22:00:02,797 [INFO] Engine:301 - compute dependency for SwPack X-CUBE-SUBG2 have been done, and update is requested
2020-09-22 22:00:02,800 [INFO] Engine:305 - compute dependency for SwPack X-CUBE-TOUCHGFX have been done, no update is requested
2020-09-22 22:00:02,801 [INFO] Engine:301 - compute dependency for SwPack X-CUBE-ALGOBUILD have been done, and update is requested
2020-09-22 22:00:02,831 [INFO] ThirdPartyDb:299 - Save Third Party DataBase File (/home/ma/.stm32cubemx/plugins/thirdparty/db/thirdparties_db.xml) [forced]
2020-09-22 22:00:02,836 [INFO] LoadServerUpdatesThread:309 - End of LoadServerUpdate Thread
2020-09-22 22:00:02,883 [INFO] ServerAccessManage:348 - Download File mcusFeaturesAndDescription.json._tmp_
2020-09-22 22:00:03,404 [WARN] MainUpdater:1087 - Updater busy. Cannot search thirdparties
2020-09-22 22:00:03,640 [INFO] LoadUrlFilesThread:135 - End of LoadUrlFiles Thread
2020-09-22 22:00:03,767 [INFO] ServerAccessManage:348 - Download File boardsDocs.json._tmp_
2020-09-22 22:00:03,848 [INFO] LoadUrlFilesThread:135 - End of LoadUrlFiles Thread
2020-09-22 22:00:03,975 [INFO] ServerAccessManage:348 - Download File boards.json._tmp_
2020-09-22 22:00:04,039 [INFO] LoadUrlFilesThread:135 - End of LoadUrlFiles Thread
2020-09-22 22:00:04,063 [INFO] ServerAccessManage:348 - Download File cube-finder-db.zip
2020-09-22 22:00:06,152 [INFO] FileExtend:225 - Unzip File : cube-finder-db.zip
2020-09-22 22:00:06,159 [INFO] FileExtend:240 - Standard Zip Deflate
2020-09-22 22:00:06,404 [WARN] MainUpdater:1087 - Updater busy. Cannot search thirdparties
2020-09-22 22:00:06,471 [INFO] LoadUrlFilesThread:135 - End of LoadUrlFiles Thread
2020-09-22 22:00:06,666 [INFO] ServerAccessManage:348 - Download File crdb.zip
2020-09-22 22:00:06,814 [INFO] FileExtend:225 - Unzip File : crdb.zip
2020-09-22 22:00:06,817 [INFO] FileExtend:240 - Standard Zip Deflate
2020-09-22 22:00:06,845 [INFO] LoadUrlFilesThread:135 - End of LoadUrlFiles Thread
2020-09-22 22:00:06,857 [INFO] ServerAccessManage:348 - Download File tutoVideoDB.zip
2020-09-22 22:00:06,876 [INFO] FileExtend:225 - Unzip File : tutoVideoDB.zip
2020-09-22 22:00:06,877 [INFO] FileExtend:240 - Standard Zip Deflate
2020-09-22 22:00:06,882 [INFO] LoadUrlFilesThread:135 - End of LoadUrlFiles Thread
2020-09-22 22:00:06,902 [INFO] DbMcusDocs:145 - JSON generation date=Mon Jul 27 15:58:30 MSK 2020 (1595854710)
2020-09-22 22:00:06,902 [INFO] DbMcusXml:100 - Load MCU database from /opt/st/stm32cubeide_1.4.0/plugins/com.st.stm32cube.common.mx_6.0.0.202007160824//db//mcu/families.xml
2020-09-22 22:00:07,323 [INFO] DbMcusJson:92 - JSON generation date=Mon Jul 27 15:58:30 MSK 2020 (1595854710)
2020-09-22 22:00:07,841 [INFO] DbMcus:175 - Found 1761 MCUs (1722 are supported by CubeMX, 1728 are visible in CubeMX)
2020-09-22 22:00:07,841 [INFO] ApiDb:192 - User favorites file not found: /home/ma/.stm32cubemx/favorites.mcus.txt
2020-09-22 22:00:07,841 [INFO] DbMcus:187 - Set 0 / 0 favorites MCUs
2020-09-22 22:00:07,993 [INFO] DbMcusDocs:81 - Found 580 MCUs documents
2020-09-22 22:00:07,994 [INFO] ApiDb:226 - Save user favorites file /home/ma/.stm32cubemx/favorites.mcus.txt: 0 item(s)
2020-09-22 22:00:07,994 [INFO] ApiDb:230 - User favorites MCUs=[]
2020-09-22 22:00:07,994 [INFO] DbMcusXml:100 - Load MCU database from /opt/st/stm32cubeide_1.4.0/plugins/com.st.stm32cube.common.mx_6.0.0.202007160824//db//mcu/families.xml
2020-09-22 22:00:08,291 [INFO] DbMcusJson:92 - JSON generation date=Mon Jul 27 15:58:30 MSK 2020 (1595854710)
2020-09-22 22:00:08,649 [INFO] DbMcus:175 - Found 1761 MCUs (1722 are supported by CubeMX, 1728 are visible in CubeMX)
2020-09-22 22:00:08,649 [INFO] ApiDb:201 - Load user favorites file /home/ma/.stm32cubemx/favorites.mcus.txt: 0 item(s)
2020-09-22 22:00:08,649 [INFO] ApiDb:205 - User favorites MCUs=[]
2020-09-22 22:00:08,649 [INFO] DbMcus:187 - Set 0 / 0 favorites MCUs
2020-09-22 22:00:08,671 [INFO] DbBoardsDocs:145 - JSON generation date=Mon Jul 27 15:58:30 MSK 2020 (1595854710)
2020-09-22 22:00:08,682 [INFO] DbBoardsPdsc:94 - Found 44 items
2020-09-22 22:00:08,683 [INFO] DbBoardsPdsc:94 - Found 9 items
2020-09-22 22:00:08,684 [INFO] DbBoardsPdsc:94 - Found 23 items
2020-09-22 22:00:08,688 [INFO] DbBoardsPdsc:94 - Found 40 items
2020-09-22 22:00:08,689 [INFO] DbBoardsPdsc:94 - Found 4 items
2020-09-22 22:00:08,691 [INFO] DbBoardsPdsc:94 - Found 29 items
2020-09-22 22:00:08,692 [INFO] DbBoardsPdsc:94 - Found 2 items
2020-09-22 22:00:08,692 [INFO] DbBoardsPdsc:94 - Found 1 items
2020-09-22 22:00:08,696 [WARN] DbBoardsPdsc:258 - Board STM32H7B3I-DK: unknown feature type=Audio, name=, username=Audio stereo codec with Headphone Amp (CS42L51-CNZ), n=1
2020-09-22 22:00:08,696 [WARN] DbBoardsPdsc:258 - Board STM32H735G-DK: unknown feature type=Audio, name=, username=Audio stereo codec with Headphone Amp (WM8994ECS/R), n=1
2020-09-22 22:00:08,698 [WARN] DbBoardsPdsc:258 - Board STM32H7B3I-EVAL: unknown feature type=Audio, name=, username=Multi-Channel Audio Codec (CS42L51-CNZ), n=1
2020-09-22 22:00:08,699 [WARN] DbBoardsPdsc:258 - Board STM32H7B3I-EVAL: unknown feature type=Meter, name=, username=Power-metering and Temperature-monitoring with sigma-delta modulators, n=1
2020-09-22 22:00:08,699 [WARN] DbBoardsPdsc:258 - Board STM32H7B3I-EVAL: unknown feature type=Motor, name=, username=Motor Control, n=1
2020-09-22 22:00:08,707 [INFO] DbBoardsJson:85 - JSON generation date=Thu Jul 02 16:35:57 MSK 2020 (1593696957)
2020-09-22 22:00:08,711 [INFO] DbBoards:117 - Found 152 boards (149 are supported by CubeMX)
2020-09-22 22:00:08,717 [INFO] DbBoardsDocs:145 - JSON generation date=Mon Jul 27 15:58:30 MSK 2020 (1595854710)
2020-09-22 22:00:08,733 [INFO] DbBoardsDocs:81 - Found 185 boards documents
2020-09-22 22:00:08,733 [WARN] DbBoards:149 - board B-G474E-DPOW1 / document id not found: 4624
2020-09-22 22:00:08,733 [WARN] DbBoards:149 - board B-G474E-DPOW1 / document id not found: 4625
2020-09-22 22:00:08,733 [WARN] DbBoards:127 - board B-L462E-CELL1 has no document id list !
2020-09-22 22:00:08,733 [WARN] DbBoards:127 - board B-L475E-IOT01A2 has no document id list !
2020-09-22 22:00:08,734 [WARN] DbBoards:127 - board NUCLEO-G491RE has no document id list !
2020-09-22 22:00:08,734 [WARN] DbBoards:127 - board NUCLEO-H723ZG has no document id list !
2020-09-22 22:00:08,734 [WARN] DbBoards:127 - board NUCLEO-H743ZI2 has no document id list !
2020-09-22 22:00:08,735 [WARN] DbBoards:127 - board NUCLEO-WB55RG has no document id list !
2020-09-22 22:00:08,735 [WARN] DbBoards:127 - board P-NUCLEO-WB55-Nucleo has no document id list !
2020-09-22 22:00:08,735 [WARN] DbBoards:127 - board P-NUCLEO-WB55-USBDongle has no document id list !
2020-09-22 22:00:08,735 [WARN] DbBoards:127 - board STEVAL-BFA001V1B has no document id list !
2020-09-22 22:00:08,735 [WARN] DbBoards:127 - board STEVAL-BFA001V2B has no document id list !
2020-09-22 22:00:08,735 [WARN] DbBoards:127 - board STEVAL-IDP005V1 has no document id list !
2020-09-22 22:00:08,735 [WARN] DbBoards:127 - board STEVAL-IDP005V2 has no document id list !
2020-09-22 22:00:08,735 [WARN] DbBoards:127 - board STEVAL-MKSBOX1V1 has no document id list !
2020-09-22 22:00:08,735 [WARN] DbBoards:127 - board STEVAL-STWINKT1 has no document id list !
2020-09-22 22:00:08,735 [WARN] DbBoards:127 - board STM32F401C-DISCO has no document id list !
2020-09-22 22:00:08,736 [WARN] DbBoards:127 - board STM32F769I-DISC1 has no document id list !
2020-09-22 22:00:08,736 [WARN] DbBoards:127 - board STM32G474E-EVAL1 has no document id list !
2020-09-22 22:00:08,736 [WARN] DbBoards:127 - board STM32H735G-DK has no document id list !
2020-09-22 22:00:08,736 [WARN] DbBoards:127 - board STM32H743I-EVAL2 has no document id list !
2020-09-22 22:00:08,736 [WARN] DbBoards:127 - board STM32H747I-DISC1 has no document id list !
2020-09-22 22:00:08,736 [WARN] DbBoards:127 - board STM32H753I-EVAL2 has no document id list !
2020-09-22 22:00:08,736 [WARN] DbBoards:127 - board STM32L-DISCOVERY has no document id list !
2020-09-22 22:00:08,737 [WARN] DbBoards:127 - board STM32MP157A-DK1 has no document id list !
2020-09-22 22:00:08,737 [WARN] DbBoards:127 - board STM32MP157F-EV1 has no document id list !
2020-09-22 22:00:08,833 [ERROR] DbBoards:192 - No image file URL for board B-L462E-CELL1
2020-09-22 22:00:09,411 [ERROR] ConditionMgr:1027 - genDependencies : Invalid condition id : CMSIS Core with RTOS2 cause : null
2020-09-22 22:00:09,411 [ERROR] ConditionMgr:1027 - genDependencies : Invalid condition id : Network Driver ETH cause : null
2020-09-22 22:00:09,411 [ERROR] ConditionMgr:1027 - genDependencies : Invalid condition id : Network Driver PPP cause : null
2020-09-22 22:00:09,411 [ERROR] ConditionMgr:1027 - genDependencies : Invalid condition id : Network Driver SLIP cause : null
2020-09-22 22:00:09,412 [ERROR] ConditionMgr:1027 - genDependencies : Invalid condition id : Network Core cause : null
2020-09-22 22:00:09,412 [ERROR] ConditionMgr:1027 - genDependencies : Invalid condition id : Network Core cause : null
2020-09-22 22:00:09,412 [ERROR] ConditionMgr:1027 - genDependencies : Invalid condition id : Network Driver SLIP cause : null
2020-09-22 22:00:09,412 [ERROR] ConditionMgr:1027 - genDependencies : Invalid condition id : Network Driver PPP cause : null
2020-09-22 22:00:09,412 [ERROR] ConditionMgr:1027 - genDependencies : Invalid condition id : CMSIS Core with RTOS2 cause : null
2020-09-22 22:00:09,412 [ERROR] ConditionMgr:1027 - genDependencies : Invalid condition id : Network Driver ETH cause : null
2020-09-22 22:00:09,412 [ERROR] ConditionMgr:1027 - genDependencies : Invalid condition id : CMSIS Core with RTOS2 cause : null
2020-09-22 22:00:09,412 [ERROR] ConditionMgr:1027 - genDependencies : Invalid condition id : Network Driver ETH cause : null
2020-09-22 22:00:09,412 [ERROR] ConditionMgr:1027 - genDependencies : Invalid condition id : Network Driver PPP cause : null
2020-09-22 22:00:09,412 [ERROR] ConditionMgr:1027 - genDependencies : Invalid condition id : Network Driver SLIP cause : null
2020-09-22 22:00:09,412 [ERROR] ConditionMgr:1027 - genDependencies : Invalid condition id : Network Core cause : null
2020-09-22 22:00:09,412 [INFO] ThirdPartyDb:299 - Save Third Party DataBase File (/home/ma/.stm32cubemx/plugins/thirdparty/db/thirdparties_db.xml) [forced]
2020-09-22 22:00:09,428 [ERROR] DbBoards:189 - Image file not found for board STM32H747I-EVAL: /opt/st/stm32cubeide_1.4.0/plugins/com.st.stm32cube.common.mx_6.0.0.202007160824//db//plugins/mcufinder/images/boards/stm32h747ieval_small.jpg
2020-09-22 22:00:09,433 [INFO] ThirdPartyDb:299 - Save Third Party DataBase File (/home/ma/.stm32cubemx/plugins/thirdparty/db/thirdparties_db.xml) [forced]
2020-09-22 22:00:09,444 [ERROR] DbBoards:189 - Image file not found for board STM32H757I-EVAL: /opt/st/stm32cubeide_1.4.0/plugins/com.st.stm32cube.common.mx_6.0.0.202007160824//db//plugins/mcufinder/images/boards/stm32h747ieval_small.jpg
2020-09-22 22:00:09,444 [ERROR] DbBoards:189 - Image file not found for board STM32H7B3I-DK: /opt/st/stm32cubeide_1.4.0/plugins/com.st.stm32cube.common.mx_6.0.0.202007160824//db//plugins/mcufinder/images/boards/stm32h7b3i-dk_small.jpg
2020-09-22 22:00:09,445 [INFO] ThirdPartyDb:299 - Save Third Party DataBase File (/home/ma/.stm32cubemx/plugins/thirdparty/db/thirdparties_db.xml) [forced]
2020-09-22 22:00:09,456 [INFO] ThirdPartyDb:299 - Save Third Party DataBase File (/home/ma/.stm32cubemx/plugins/thirdparty/db/thirdparties_db.xml) [forced]
2020-09-22 22:00:09,469 [INFO] ThirdPartyDb:299 - Save Third Party DataBase File (/home/ma/.stm32cubemx/plugins/thirdparty/db/thirdparties_db.xml) [forced]
2020-09-22 22:00:09,479 [INFO] ThirdPartyDb:299 - Save Third Party DataBase File (/home/ma/.stm32cubemx/plugins/thirdparty/db/thirdparties_db.xml) [forced]
2020-09-22 22:00:09,487 [ERROR] ConditionMgr:1027 - genDependencies : Invalid condition id : CMSIS Core with RTOS2 cause : null
2020-09-22 22:00:09,487 [ERROR] ConditionMgr:1027 - genDependencies : Invalid condition id : Network Driver ETH cause : null
2020-09-22 22:00:09,487 [ERROR] ConditionMgr:1027 - genDependencies : Invalid condition id : Network Driver PPP cause : null
2020-09-22 22:00:09,487 [ERROR] ConditionMgr:1027 - genDependencies : Invalid condition id : Network Driver SLIP cause : null
2020-09-22 22:00:09,487 [ERROR] ConditionMgr:1027 - genDependencies : Invalid condition id : Network Core cause : null
2020-09-22 22:00:09,487 [ERROR] ConditionMgr:1027 - genDependencies : Invalid condition id : Network Core cause : null
2020-09-22 22:00:09,487 [ERROR] ConditionMgr:1027 - genDependencies : Invalid condition id : Network Driver SLIP cause : null
2020-09-22 22:00:09,488 [ERROR] ConditionMgr:1027 - genDependencies : Invalid condition id : Network Driver PPP cause : null
2020-09-22 22:00:09,488 [ERROR] ConditionMgr:1027 - genDependencies : Invalid condition id : CMSIS Core with RTOS2 cause : null
2020-09-22 22:00:09,488 [ERROR] ConditionMgr:1027 - genDependencies : Invalid condition id : Network Driver ETH cause : null
2020-09-22 22:00:09,488 [ERROR] ConditionMgr:1027 - genDependencies : Invalid condition id : CMSIS Core with RTOS2 cause : null
2020-09-22 22:00:09,488 [ERROR] ConditionMgr:1027 - genDependencies : Invalid condition id : Network Driver ETH cause : null
2020-09-22 22:00:09,488 [ERROR] ConditionMgr:1027 - genDependencies : Invalid condition id : Network Driver PPP cause : null
2020-09-22 22:00:09,488 [ERROR] ConditionMgr:1027 - genDependencies : Invalid condition id : Network Driver SLIP cause : null
2020-09-22 22:00:09,488 [ERROR] ConditionMgr:1027 - genDependencies : Invalid condition id : Network Core cause : null
2020-09-22 22:00:09,488 [INFO] ThirdPartyDb:299 - Save Third Party DataBase File (/home/ma/.stm32cubemx/plugins/thirdparty/db/thirdparties_db.xml) [forced]
2020-09-22 22:00:09,496 [INFO] ThirdPartyDb:299 - Save Third Party DataBase File (/home/ma/.stm32cubemx/plugins/thirdparty/db/thirdparties_db.xml) [forced]
2020-09-22 22:00:09,503 [INFO] ThirdPartyDb:299 - Save Third Party DataBase File (/home/ma/.stm32cubemx/plugins/thirdparty/db/thirdparties_db.xml) [forced]
2020-09-22 22:00:09,513 [INFO] ThirdPartyDb:299 - Save Third Party DataBase File (/home/ma/.stm32cubemx/plugins/thirdparty/db/thirdparties_db.xml) [forced]
2020-09-22 22:00:09,521 [INFO] ThirdPartyDb:299 - Save Third Party DataBase File (/home/ma/.stm32cubemx/plugins/thirdparty/db/thirdparties_db.xml) [forced]
2020-09-22 22:00:09,530 [INFO] ThirdPartyDb:299 - Save Third Party DataBase File (/home/ma/.stm32cubemx/plugins/thirdparty/db/thirdparties_db.xml) [forced]
2020-09-22 22:00:09,537 [INFO] ThirdPartyDb:299 - Save Third Party DataBase File (/home/ma/.stm32cubemx/plugins/thirdparty/db/thirdparties_db.xml) [forced]
2020-09-22 22:00:09,546 [INFO] Engine:289 - softwarePackList size : 22
2020-09-22 22:00:09,546 [INFO] Engine:301 - compute dependency for SwPack X-CUBE-AI have been done, and update is requested
2020-09-22 22:00:09,550 [INFO] Engine:301 - compute dependency for SwPack X-CUBE-BLE1 have been done, and update is requested
2020-09-22 22:00:09,553 [INFO] Engine:301 - compute dependency for SwPack X-CUBE-BLE2 have been done, and update is requested
2020-09-22 22:00:09,557 [INFO] Engine:301 - compute dependency for SwPack X-CUBE-GNSS1 have been done, and update is requested
2020-09-22 22:00:09,646 [INFO] ApiDb:192 - User favorites file not found: /home/ma/.stm32cubemx/favorites.boards.txt
2020-09-22 22:00:09,646 [INFO] DbBoards:206 - Set 0 / 0 favorites Boards
2020-09-22 22:00:09,658 [INFO] DbBoardsDocs:81 - Found 370 boards documents
2020-09-22 22:00:09,659 [INFO] ApiDb:226 - Save user favorites file /home/ma/.stm32cubemx/favorites.boards.txt: 0 item(s)
2020-09-22 22:00:09,659 [INFO] ApiDb:230 - User favorites Boards=[]
2020-09-22 22:00:09,664 [INFO] DbBoardsPdsc:94 - Found 44 items
2020-09-22 22:00:09,665 [INFO] DbBoardsPdsc:94 - Found 9 items
2020-09-22 22:00:09,667 [INFO] DbBoardsPdsc:94 - Found 23 items
2020-09-22 22:00:09,672 [INFO] DbBoardsPdsc:94 - Found 40 items
2020-09-22 22:00:09,674 [INFO] DbBoardsPdsc:94 - Found 4 items
2020-09-22 22:00:09,677 [INFO] DbBoardsPdsc:94 - Found 29 items
2020-09-22 22:00:09,679 [INFO] DbBoardsPdsc:94 - Found 2 items
2020-09-22 22:00:09,679 [INFO] Engine:301 - compute dependency for SwPack X-CUBE-MEMS1 have been done, and update is requested
2020-09-22 22:00:09,680 [INFO] DbBoardsPdsc:94 - Found 1 items
2020-09-22 22:00:09,681 [WARN] DbBoardsPdsc:258 - Board STM32H7B3I-DK: unknown feature type=Audio, name=, username=Audio stereo codec with Headphone Amp (CS42L51-CNZ), n=1
2020-09-22 22:00:09,681 [WARN] DbBoardsPdsc:258 - Board STM32H735G-DK: unknown feature type=Audio, name=, username=Audio stereo codec with Headphone Amp (WM8994ECS/R), n=1
2020-09-22 22:00:09,683 [WARN] DbBoardsPdsc:258 - Board STM32H7B3I-EVAL: unknown feature type=Audio, name=, username=Multi-Channel Audio Codec (CS42L51-CNZ), n=1
2020-09-22 22:00:09,684 [WARN] DbBoardsPdsc:258 - Board STM32H7B3I-EVAL: unknown feature type=Meter, name=, username=Power-metering and Temperature-monitoring with sigma-delta modulators, n=1
2020-09-22 22:00:09,684 [WARN] DbBoardsPdsc:258 - Board STM32H7B3I-EVAL: unknown feature type=Motor, name=, username=Motor Control, n=1
2020-09-22 22:00:09,684 [INFO] Engine:301 - compute dependency for SwPack X-CUBE-NFC4 have been done, and update is requested
2020-09-22 22:00:09,687 [INFO] Engine:301 - compute dependency for SwPack X-CUBE-SUBG2 have been done, and update is requested
2020-09-22 22:00:09,690 [INFO] Engine:305 - compute dependency for SwPack X-CUBE-TOUCHGFX have been done, no update is requested
2020-09-22 22:00:09,691 [INFO] Engine:301 - compute dependency for SwPack X-CUBE-ALGOBUILD have been done, and update is requested
2020-09-22 22:00:09,693 [INFO] DbBoardsJson:85 - JSON generation date=Thu Jul 02 16:35:57 MSK 2020 (1593696957)
2020-09-22 22:00:09,696 [INFO] Engine:305 - compute dependency for SwPack lwIP have been done, no update is requested
2020-09-22 22:00:09,696 [INFO] Engine:305 - compute dependency for SwPack MBEDTLS have been done, no update is requested
2020-09-22 22:00:09,696 [INFO] Engine:305 - compute dependency for SwPack USB_DEVICE have been done, no update is requested
2020-09-22 22:00:09,696 [INFO] Engine:305 - compute dependency for SwPack PDM2PCM have been done, no update is requested
2020-09-22 22:00:09,696 [INFO] Engine:305 - compute dependency for SwPack FreeRTOS have been done, no update is requested
2020-09-22 22:00:09,696 [INFO] Engine:305 - compute dependency for SwPack USB_DEVICE have been done, no update is requested
2020-09-22 22:00:09,697 [INFO] Engine:305 - compute dependency for SwPack lwIP have been done, no update is requested
2020-09-22 22:00:09,697 [INFO] Engine:305 - compute dependency for SwPack PDM2PCM have been done, no update is requested
2020-09-22 22:00:09,697 [INFO] Engine:305 - compute dependency for SwPack USB_HOST have been done, no update is requested
2020-09-22 22:00:09,698 [INFO] DbBoards:117 - Found 152 boards (149 are supported by CubeMX)
2020-09-22 22:00:09,698 [WARN] DbBoards:149 - board B-G474E-DPOW1 / document id not found: 4624
2020-09-22 22:00:09,698 [WARN] DbBoards:149 - board B-G474E-DPOW1 / document id not found: 4625
2020-09-22 22:00:09,698 [WARN] DbBoards:127 - board B-L462E-CELL1 has no document id list !
2020-09-22 22:00:09,698 [WARN] DbBoards:127 - board B-L475E-IOT01A2 has no document id list !
2020-09-22 22:00:09,699 [WARN] DbBoards:127 - board NUCLEO-G491RE has no document id list !
2020-09-22 22:00:09,699 [WARN] DbBoards:127 - board NUCLEO-H723ZG has no document id list !
2020-09-22 22:00:09,699 [WARN] DbBoards:127 - board NUCLEO-H743ZI2 has no document id list !
2020-09-22 22:00:09,700 [WARN] DbBoards:127 - board NUCLEO-WB55RG has no document id list !
2020-09-22 22:00:09,700 [WARN] DbBoards:127 - board P-NUCLEO-WB55-Nucleo has no document id list !
2020-09-22 22:00:09,700 [WARN] DbBoards:127 - board P-NUCLEO-WB55-USBDongle has no document id list !
2020-09-22 22:00:09,700 [WARN] DbBoards:127 - board STEVAL-BFA001V1B has no document id list !
2020-09-22 22:00:09,700 [WARN] DbBoards:127 - board STEVAL-BFA001V2B has no document id list !
2020-09-22 22:00:09,700 [WARN] DbBoards:127 - board STEVAL-IDP005V1 has no document id list !
2020-09-22 22:00:09,700 [WARN] DbBoards:127 - board STEVAL-IDP005V2 has no document id list !
2020-09-22 22:00:09,700 [WARN] DbBoards:127 - board STEVAL-MKSBOX1V1 has no document id list !
2020-09-22 22:00:09,700 [WARN] DbBoards:127 - board STEVAL-STWINKT1 has no document id list !
2020-09-22 22:00:09,700 [WARN] DbBoards:127 - board STM32F401C-DISCO has no document id list !
2020-09-22 22:00:09,700 [INFO] Engine:305 - compute dependency for SwPack USB_HOST have been done, no update is requested
2020-09-22 22:00:09,700 [WARN] DbBoards:127 - board STM32F769I-DISC1 has no document id list !
2020-09-22 22:00:09,701 [WARN] DbBoards:127 - board STM32G474E-EVAL1 has no document id list !
2020-09-22 22:00:09,701 [WARN] DbBoards:127 - board STM32H735G-DK has no document id list !
2020-09-22 22:00:09,701 [WARN] DbBoards:127 - board STM32H743I-EVAL2 has no document id list !
2020-09-22 22:00:09,701 [WARN] DbBoards:127 - board STM32H747I-DISC1 has no document id list !
2020-09-22 22:00:09,701 [WARN] DbBoards:127 - board STM32H753I-EVAL2 has no document id list !
2020-09-22 22:00:09,701 [WARN] DbBoards:127 - board STM32L-DISCOVERY has no document id list !
2020-09-22 22:00:09,702 [WARN] DbBoards:127 - board STM32MP157A-DK1 has no document id list !
2020-09-22 22:00:09,702 [WARN] DbBoards:127 - board STM32MP157F-EV1 has no document id list !
2020-09-22 22:00:09,703 [INFO] Engine:305 - compute dependency for SwPack USB_DEVICE have been done, no update is requested
2020-09-22 22:00:09,703 [INFO] Engine:305 - compute dependency for SwPack PDM2PCM have been done, no update is requested
2020-09-22 22:00:09,703 [INFO] Engine:305 - compute dependency for SwPack MBEDTLS have been done, no update is requested
2020-09-22 22:00:09,728 [WARN] ApiManager:274 - Cannot register API 'Wireless:BlueNRG-MS' from pack STMicroelectronics.X-CUBE-BLE1.6.0.0: no header file found
2020-09-22 22:00:09,728 [WARN] ApiManager:274 - Cannot register API 'Wireless:BlueNRG-2' from pack STMicroelectronics.X-CUBE-BLE2.2.0.0: no header file found
2020-09-22 22:00:09,729 [WARN] ApiManager:274 - Cannot register API 'Board Extension:GNSS1A1' from pack STMicroelectronics.X-CUBE-GNSS1.5.0.0: no header file found
2020-09-22 22:00:09,730 [WARN] ApiManager:274 - Cannot register API 'Board Support:Custom' from pack STMicroelectronics.X-CUBE-GNSS1.5.0.0: no header file found
2020-09-22 22:00:09,730 [WARN] ApiManager:274 - Cannot register API 'Data Exchange:lib_gnss' from pack STMicroelectronics.X-CUBE-GNSS1.5.0.0: no header file found
2020-09-22 22:00:09,737 [ERROR] DbBoards:192 - No image file URL for board B-L462E-CELL1
2020-09-22 22:00:09,866 [WARN] ApiManager:274 - Cannot register API 'Board Extension:IKS01A3' from pack STMicroelectronics.X-CUBE-MEMS1.8.1.1: no header file found
2020-09-22 22:00:09,866 [WARN] ApiManager:274 - Cannot register API 'Board Extension:IKS01A2' from pack STMicroelectronics.X-CUBE-MEMS1.8.1.1: no header file found
2020-09-22 22:00:09,866 [WARN] ApiManager:274 - Cannot register API 'Board Extension:IKS02A1' from pack STMicroelectronics.X-CUBE-MEMS1.8.1.1: no header file found
2020-09-22 22:00:09,867 [WARN] ApiManager:274 - Cannot register API 'Board Extension:S2868A1' from pack STMicroelectronics.X-CUBE-SUBG2.2.0.0: no header file found
2020-09-22 22:00:09,867 [WARN] ApiManager:274 - Cannot register API 'Board Extension:S2868A2' from pack STMicroelectronics.X-CUBE-SUBG2.2.0.0: no header file found
2020-09-22 22:00:09,867 [WARN] ApiManager:274 - Cannot register API 'Board Extension:S2915A1' from pack STMicroelectronics.X-CUBE-SUBG2.2.0.0: no header file found
2020-09-22 22:00:09,867 [WARN] XmlIntegratedPack:130 - No IP in current MCU
2020-09-22 22:00:09,868 [WARN] XmlIntegratedPack:130 - No IP in current MCU
2020-09-22 22:00:09,868 [WARN] XmlIntegratedPack:130 - No IP in current MCU
2020-09-22 22:00:09,868 [WARN] XmlIntegratedPack:130 - No IP in current MCU
2020-09-22 22:00:09,868 [WARN] XmlIntegratedPack:130 - No IP in current MCU
2020-09-22 22:00:09,868 [WARN] XmlIntegratedPack:130 - No IP in current MCU
2020-09-22 22:00:09,868 [WARN] XmlIntegratedPack:130 - No IP in current MCU
2020-09-22 22:00:09,868 [WARN] XmlIntegratedPack:130 - No IP in current MCU
2020-09-22 22:00:09,868 [WARN] XmlIntegratedPack:130 - No IP in current MCU
2020-09-22 22:00:09,868 [WARN] XmlIntegratedPack:130 - No IP in current MCU
2020-09-22 22:00:09,868 [WARN] XmlIntegratedPack:130 - No IP in current MCU
2020-09-22 22:00:09,868 [WARN] XmlIntegratedPack:130 - No IP in current MCU
2020-09-22 22:00:09,868 [WARN] XmlIntegratedPack:130 - No IP in current MCU
2020-09-22 22:00:09,868 [INFO] ThirdPartyDb:299 - Save Third Party DataBase File (/home/ma/.stm32cubemx/plugins/thirdparty/db/thirdparties_db.xml) [forced]
2020-09-22 22:00:09,872 [INFO] ThirdPartyDb:299 - Save Third Party DataBase File (/home/ma/.stm32cubemx/plugins/thirdparty/db/thirdparties_db.xml) [forced]
2020-09-22 22:00:09,929 [INFO] ThirdPartyDb:299 - Save Third Party DataBase File (/home/ma/.stm32cubemx/plugins/thirdparty/db/thirdparties_db.xml) [forced]
2020-09-22 22:00:09,952 [INFO] ThirdPartyDb:299 - Save Third Party DataBase File (/home/ma/.stm32cubemx/plugins/thirdparty/db/thirdparties_db.xml) [forced]
2020-09-22 22:00:09,957 [INFO] ThirdPartyDb:299 - Save Third Party DataBase File (/home/ma/.stm32cubemx/plugins/thirdparty/db/thirdparties_db.xml) [forced]
2020-09-22 22:00:09,961 [INFO] IntegrityCheckThread:76 - exiting critical section [integrity check]
2020-09-22 22:00:09,962 [INFO] IntegrityCheckThread:79 - End integrity checks thread
2020-09-22 22:00:10,171 [ERROR] DbBoards:189 - Image file not found for board STM32H747I-EVAL: /opt/st/stm32cubeide_1.4.0/plugins/com.st.stm32cube.common.mx_6.0.0.202007160824//db//plugins/mcufinder/images/boards/stm32h747ieval_small.jpg
2020-09-22 22:00:10,179 [ERROR] DbBoards:189 - Image file not found for board STM32H757I-EVAL: /opt/st/stm32cubeide_1.4.0/plugins/com.st.stm32cube.common.mx_6.0.0.202007160824//db//plugins/mcufinder/images/boards/stm32h747ieval_small.jpg
2020-09-22 22:00:10,179 [ERROR] DbBoards:189 - Image file not found for board STM32H7B3I-DK: /opt/st/stm32cubeide_1.4.0/plugins/com.st.stm32cube.common.mx_6.0.0.202007160824//db//plugins/mcufinder/images/boards/stm32h7b3i-dk_small.jpg
2020-09-22 22:00:10,277 [INFO] ApiDb:201 - Load user favorites file /home/ma/.stm32cubemx/favorites.boards.txt: 0 item(s)
2020-09-22 22:00:10,277 [INFO] ApiDb:205 - User favorites Boards=[]
2020-09-22 22:00:10,277 [INFO] DbBoards:206 - Set 0 / 0 favorites Boards
2020-09-22 22:00:10,329 [INFO] DbExamplesSqlite:156 - SQLite db open (/home/ma/.stmcufinder/plugins/mcufinder/mcu/cube-finder-db.db)
2020-09-22 22:00:10,588 [INFO] DbExamplesSqlite:447 - Ignored 0 examples not supported by CubeIDE
2020-09-22 22:00:10,588 [INFO] DbExamplesSqlite:448 - Found 4362 examples active
2020-09-22 22:00:10,588 [INFO] DbExamplesSqlite:449 - Found 128 examples obsolete
2020-09-22 22:00:10,588 [INFO] DbExamplesSqlite:450 - Found 196 examples under development
2020-09-22 22:00:10,588 [INFO] DbExamplesSqlite:451 - Found 132 examples not building
2020-09-22 22:00:10,597 [INFO] DbExamplesSqlite:130 - SQLite Data Model version=2.1
2020-09-22 22:00:10,597 [INFO] DbExamplesSqlite:131 - SQLite Configuration version=2.8
2020-09-22 22:00:10,597 [INFO] DbExamplesSqlite:132 - SQLite generation date=2020-07-03 (1593795692)
2020-09-22 22:00:10,597 [INFO] DbExamplesSqlite:133 - SQLite FW Pack versions=[STM32Cube_FW_F4_V1.25.0, STM32Cube_FW_F7_V1.16.0, STM32Cube_FW_G0_V1.3.0, STM32Cube_FW_G4_V1.3.0, STM32Cube_FW_H7_V1.8.0, STM32Cube_FW_L5_V1.3.0, STM32Cube_FW_WB_V1.8.0, STM32Cube_FW_WL_V0.6.0]
2020-09-22 22:00:10,597 [INFO] DbExamples:123 - Found 4494 examples
2020-09-22 22:00:10,857 [ERROR] DbExamples:199 - Found 288 examples with invalid data (board or MCU)
2020-09-22 22:00:10,858 [INFO] DbExamples:215 - Found 58 boards with related examples
2020-09-22 22:00:10,864 [INFO] DbExamples:228 - Found 44 MCUs with related examples
2020-09-22 22:00:10,875 [INFO] ApiDb:192 - User favorites file not found: /home/ma/.stm32cubemx/favorites.examples.txt
2020-09-22 22:00:10,875 [INFO] DbExamples:249 - Set 0 / 0 favorites Examples
2020-09-22 22:00:10,941 [INFO] McuFinderGlobals:40 - Set McuFinder mode to 2 (CubeIDE integrated)
2020-09-22 22:00:11,004 [INFO] CrossSelectorPresenter:1330 - Cross Selector saved comparison directory: /home/ma/.stmcufinder/plugins/mcufinder/mcu/cs_comparisons_mx
2020-09-22 22:00:11,011 [INFO] MultiScanPanel:193 - Auto-refresh data requested => check proxy status ongoing
2020-09-22 22:00:11,015 [INFO] FinderPluginLoader:87 - Searching for filters in installed packs
2020-09-22 22:00:11,353 [INFO] ServerAccessManage:348 - Download File 
2020-09-22 22:00:11,376 [INFO] LoadUrlFilesThread:162 - End of LoadServerUrlFiles without Thread
2020-09-22 22:00:11,395 [INFO] DetailPanel:331 - Set advertising image to /home/ma/STM32Cube/Repository//stm32cubemx-promo_image.jpg
2020-09-22 22:00:11,603 [INFO] McuFilterPanel:245 - Update 0 favorites MCUs
2020-09-22 22:03:55,006 [INFO] ApiDb:226 - Save user favorites file /home/ma/.stm32cubeide/favorites.mcus.txt: 0 item(s)
2020-09-22 22:03:55,006 [INFO] ApiDb:230 - User favorites MCUs=[]
